<?xml version="1.0" encoding="utf-8"?>
<?AutomationStudio Version=3.0?>
<Transfer xmlns="http://br-automation.co.at/AS/Transfer">
  <OperatingSystem Version="D4.52"/>
  <Hardware Target="SG4"/>
  <Operation Delete="DoorCtrl.br"/>
  <Operation Delete="sys_lib.br"/>
  <Operation Delete="GateCtrl.br"/>
  <Operation Download="asfw.br" Memory="SystemROM"/>
  <Operation Download="ashwd.br" Memory="SystemROM"/>
  <Operation Download="arconfig.br" Memory="SystemROM"/>
  <Operation Download="sysconf.br" Memory="SystemROM"/>
  <Operation Restart="warm"/>
  <Operation Download="TCData.br" Memory="SystemROM"/>
  <Operation Download="udbdef.br" Memory="UserROM"/>
  <Operation Download="User.br" Memory="UserROM"/>
  <Operation Download="Role.br" Memory="UserROM"/>
  <Operation Download="iomap.br" Memory="UserROM"/>
  <Operation Download="ashwac.br" Memory="UserROM"/>
  <Operation Download="Runtime.br" Memory="UserROM"/>
  <Operation Download="asstring.br" Memory="UserROM"/>
  <Operation Download="X64Lib.br" Memory="UserROM"/>
  <Operation Download="GateCtrl.br" Memory="UserROM"/>
  <Operation Download="sys_lib.br" Memory="UserROM"/>
  <Operation Download="DoorCtrl.br" Memory="UserROM"/>
  <Operation Download="LedCtrl.br" Memory="UserROM"/>
</Transfer>